<?xml version="1.0" encoding="UTF-8"?>
<!-- Generated by org.testng.reporters.JUnitReportReporter -->
<testsuite hostname="DESKTOP-J9EO0C6" failures="0" tests="1" name="DifferentWayToPost.CreateProjectwithHasMapTest" time="6.291" errors="0" timestamp="2022-08-09T12:25:37 IST" skipped="0">
  <testcase classname="DifferentWayToPost.CreateProjectwithHasMapTest" name="createPTest" time="6.291"/>
  <system-out/>
</testsuite> <!-- DifferentWayToPost.CreateProjectwithHasMapTest -->
