<?xml version="1.0" encoding="UTF-8"?>
<!-- Generated by org.testng.reporters.JUnitReportReporter -->
<testsuite hostname="DESKTOP-J9EO0C6" failures="0" tests="1" name="BasicCRUDoperation.UpdateProject1Test" time="4.019" errors="0" timestamp="2022-08-08T10:54:42 IST" skipped="0">
  <testcase classname="BasicCRUDoperation.UpdateProject1Test" name="updateProjectTest" time="4.019"/>
  <system-out/>
</testsuite> <!-- BasicCRUDoperation.UpdateProject1Test -->
