<?xml version="1.0" encoding="UTF-8"?>
<!-- Generated by org.testng.reporters.JUnitReportReporter -->
<testsuite hostname="DESKTOP-J9EO0C6" failures="0" tests="1" name="EndToEndScen.CreateAndGetAndDelete" time="7.635" errors="0" timestamp="2022-08-11T11:05:50 IST" skipped="0">
  <testcase classname="EndToEndScen.CreateAndGetAndDelete" name="createAndGetTest" time="7.635"/>
  <system-out/>
</testsuite> <!-- EndToEndScen.CreateAndGetAndDelete -->
