<?xml version="1.0" encoding="UTF-8"?>
<!-- Generated by org.testng.reporters.JUnitReportReporter -->
<testsuite hostname="DESKTOP-J9EO0C6" failures="0" tests="1" name="SerilizationAndDeserilizationDetails.DecentrilizeEmployWithSpouse" time="0.432" errors="0" timestamp="2022-07-28T16:42:33 IST" skipped="0">
  <testcase classname="SerilizationAndDeserilizationDetails.DecentrilizeEmployWithSpouse" name="decerlizationwithSpouse" time="0.432"/>
  <system-out/>
</testsuite> <!-- SerilizationAndDeserilizationDetails.DecentrilizeEmployWithSpouse -->
