<?xml version="1.0" encoding="UTF-8"?>
<!-- Generated by org.testng.reporters.JUnitReportReporter -->
<testsuite hostname="DESKTOP-J9EO0C6" failures="0" tests="1" name="SerilizationAndDeserilizationDetails.DeseralizationEmploy" time="1.171" errors="0" timestamp="2022-07-28T20:48:40 IST" skipped="0">
  <testcase classname="SerilizationAndDeserilizationDetails.DeseralizationEmploy" name="deseralizationEmployDetails" time="1.171"/>
  <system-out/>
</testsuite> <!-- SerilizationAndDeserilizationDetails.DeseralizationEmploy -->
