<?xml version="1.0" encoding="UTF-8"?>
<!-- Generated by org.testng.reporters.JUnitReportReporter -->
<testsuite hostname="DESKTOP-J9EO0C6" failures="0" tests="1" name="BasicCRUDoperation.DeleteEmployeeByEmployeeIdTest" time="3.133" errors="0" timestamp="2022-08-08T14:40:01 IST" skipped="0">
  <testcase classname="BasicCRUDoperation.DeleteEmployeeByEmployeeIdTest" name="deleteEmpTest" time="3.133"/>
  <system-out/>
</testsuite> <!-- BasicCRUDoperation.DeleteEmployeeByEmployeeIdTest -->
