<?xml version="1.0" encoding="UTF-8"?>
<!-- Generated by org.testng.reporters.JUnitReportReporter -->
<testsuite hostname="DESKTOP-J9EO0C6" failures="0" tests="1" name="SerilizationAndDeserilizationDetails.SerilizationEmploySpouseArray" time="0.331" errors="0" timestamp="2022-07-28T21:07:49 IST" skipped="0">
  <testcase classname="SerilizationAndDeserilizationDetails.SerilizationEmploySpouseArray" name="serilizationSpouseArray" time="0.331"/>
  <system-out/>
</testsuite> <!-- SerilizationAndDeserilizationDetails.SerilizationEmploySpouseArray -->
