<?xml version="1.0" encoding="UTF-8"?>
<!-- Generated by org.testng.reporters.JUnitReportReporter -->
<testsuite hostname="DESKTOP-J9EO0C6" failures="0" tests="1" name="Parameters.PatahParamater" time="3.311" errors="0" timestamp="2022-08-10T12:15:53 IST" skipped="0">
  <testcase classname="Parameters.PatahParamater" name="pathParamaterTest" time="3.311"/>
  <system-out/>
</testsuite> <!-- Parameters.PatahParamater -->
