<?xml version="1.0" encoding="UTF-8"?>
<!-- Generated by org.testng.reporters.JUnitReportReporter -->
<testsuite hostname="DESKTOP-J9EO0C6" failures="0" tests="3" name="DataProvider.CreateDataWithDiffDataTest" time="82.229" errors="0" timestamp="2022-08-10T00:03:40 IST" skipped="0">
  <testcase classname="DataProvider.CreateDataWithDiffDataTest" name="cteateData" time="0.384"/>
  <system-out/>
  <testcase classname="DataProvider.CreateDataWithDiffDataTest" name="cteateData" time="2.052"/>
  <system-out/>
  <testcase classname="DataProvider.CreateDataWithDiffDataTest" name="cteateData" time="79.793"/>
  <system-out/>
</testsuite> <!-- DataProvider.CreateDataWithDiffDataTest -->
