<?xml version="1.0" encoding="UTF-8"?>
<!-- Generated by org.testng.reporters.JUnitReportReporter -->
<testsuite hostname="DESKTOP-J9EO0C6" failures="0" tests="1" name="Authecation.Oauth2_0" time="5.359" errors="0" timestamp="2022-08-10T17:01:37 IST" skipped="0">
  <testcase classname="Authecation.Oauth2_0" name="oauth2Test" time="5.359"/>
  <system-out/>
</testsuite> <!-- Authecation.Oauth2_0 -->
