<?xml version="1.0" encoding="UTF-8"?>
<!-- Generated by org.testng.reporters.JUnitReportReporter -->
<testsuite hostname="DESKTOP-J9EO0C6" failures="0" tests="1" name="RequestChaning.CreateProjectaAndUpdateAndGetThenDeleteTest" time="5.385" errors="0" timestamp="2022-08-10T13:14:43 IST" skipped="0">
  <testcase classname="RequestChaning.CreateProjectaAndUpdateAndGetThenDeleteTest" name="createAndDeleteTest" time="5.385"/>
  <system-out/>
</testsuite> <!-- RequestChaning.CreateProjectaAndUpdateAndGetThenDeleteTest -->
