<?xml version="1.0" encoding="UTF-8"?>
<!-- Generated by org.testng.reporters.JUnitReportReporter -->
<testsuite hostname="DESKTOP-J9EO0C6" failures="0" tests="1" name="SerilizationAndDeserilizationDetails.serilizationWothSpouse" time="0.479" errors="0" timestamp="2022-07-28T16:35:36 IST" skipped="0">
  <testcase classname="SerilizationAndDeserilizationDetails.serilizationWothSpouse" name="serilizeWithSpouse" time="0.479"/>
  <system-out/>
</testsuite> <!-- SerilizationAndDeserilizationDetails.serilizationWothSpouse -->
