<?xml version="1.0" encoding="UTF-8"?>
<!-- Generated by org.testng.reporters.JUnitReportReporter -->
<testsuite hostname="DESKTOP-J9EO0C6" failures="0" tests="1" name="BasicCRUDoperation.GetAllProjectTest" time="6.716" errors="0" timestamp="2022-08-04T23:42:40 IST" skipped="0">
  <testcase classname="BasicCRUDoperation.GetAllProjectTest" name="getallprojectTest" time="6.716"/>
  <system-out/>
</testsuite> <!-- BasicCRUDoperation.GetAllProjectTest -->
