<?xml version="1.0" encoding="UTF-8"?>
<!-- Generated by org.testng.reporters.JUnitReportReporter -->
<testsuite hostname="DESKTOP-J9EO0C6" failures="0" tests="1" name="Authecation.BarerTokenTest" time="5.837" errors="0" timestamp="2022-08-10T15:26:47 IST" skipped="0">
  <testcase classname="Authecation.BarerTokenTest" name="barerTokenTest" time="5.837"/>
  <system-out/>
</testsuite> <!-- Authecation.BarerTokenTest -->
