<?xml version="1.0" encoding="UTF-8"?>
<!-- Generated by org.testng.reporters.JUnitReportReporter -->
<testsuite hostname="DESKTOP-J9EO0C6" failures="0" tests="1" name="CRUDEOperationWithBDD.CreateProjectTest" time="3.915" errors="0" timestamp="2022-08-08T17:29:15 IST" skipped="0">
  <testcase classname="CRUDEOperationWithBDD.CreateProjectTest" name="createProjectTest" time="3.915"/>
  <system-out/>
</testsuite> <!-- CRUDEOperationWithBDD.CreateProjectTest -->
