<?xml version="1.0" encoding="UTF-8"?>
<!-- Generated by org.testng.reporters.JUnitReportReporter -->
<testsuite hostname="DESKTOP-J9EO0C6" failures="0" tests="1" name="DifferentWayToPost.CreateProjectWithPOJO" time="5.616" errors="0" timestamp="2022-08-09T12:43:08 IST" skipped="0">
  <testcase classname="DifferentWayToPost.CreateProjectWithPOJO" name="peojectWithPOJOTest" time="5.616"/>
  <system-out/>
</testsuite> <!-- DifferentWayToPost.CreateProjectWithPOJO -->
