<?xml version="1.0" encoding="UTF-8"?>
<!-- Generated by org.testng.reporters.JUnitReportReporter -->
<testsuite hostname="DESKTOP-J9EO0C6" failures="0" tests="1" name="BasicCRUDoperation.CreateProject1Test" time="4.431" errors="0" timestamp="2022-08-08T10:52:34 IST" skipped="0">
  <testcase classname="BasicCRUDoperation.CreateProject1Test" name="createProject1Test" time="4.431"/>
  <system-out/>
</testsuite> <!-- BasicCRUDoperation.CreateProject1Test -->
