<?xml version="1.0" encoding="UTF-8"?>
<!-- Generated by org.testng.reporters.JUnitReportReporter -->
<testsuite hostname="DESKTOP-J9EO0C6" failures="0" tests="1" name="Authecation.BasicDigestiveAuthTest" time="3.351" errors="0" timestamp="2022-08-10T14:53:20 IST" skipped="0">
  <testcase classname="Authecation.BasicDigestiveAuthTest" name="basicDigestiveAuth" time="3.351"/>
  <system-out/>
</testsuite> <!-- Authecation.BasicDigestiveAuthTest -->
