<?xml version="1.0" encoding="UTF-8"?>
<!-- Generated by org.testng.reporters.JUnitReportReporter -->
<testsuite hostname="DESKTOP-J9EO0C6" failures="0" tests="1" name="BasicCRUDoperation.CreateProjectTest" time="12.861" errors="0" timestamp="2022-08-08T16:22:39 IST" skipped="0">
  <testcase classname="BasicCRUDoperation.CreateProjectTest" name="createProjectTest" time="12.861"/>
  <system-out/>
</testsuite> <!-- BasicCRUDoperation.CreateProjectTest -->
