<?xml version="1.0" encoding="UTF-8"?>
<!-- Generated by org.testng.reporters.JUnitReportReporter -->
<testsuite hostname="DESKTOP-J9EO0C6" failures="0" tests="1" name="SerilizationAndDeserilizationDetails.DecentrilizeEmployWithArray" time="0.448" errors="0" timestamp="2022-07-28T16:39:03 IST" skipped="0">
  <testcase classname="SerilizationAndDeserilizationDetails.DecentrilizeEmployWithArray" name="decrntrilizeemploywithArray" time="0.448"/>
  <system-out/>
</testsuite> <!-- SerilizationAndDeserilizationDetails.DecentrilizeEmployWithArray -->
