<?xml version="1.0" encoding="UTF-8"?>
<!-- Generated by org.testng.reporters.JUnitReportReporter -->
<testsuite hostname="DESKTOP-J9EO0C6" failures="0" tests="1" name="Authecation.BasicPreEmptiveAuth" time="3.445" errors="0" timestamp="2022-08-10T13:26:15 IST" skipped="0">
  <testcase classname="Authecation.BasicPreEmptiveAuth" name="basicPriempthiveAuth" time="3.445"/>
  <system-out/>
</testsuite> <!-- Authecation.BasicPreEmptiveAuth -->
