<?xml version="1.0" encoding="UTF-8"?>
<!-- Generated by org.testng.reporters.JUnitReportReporter -->
<testsuite hostname="DESKTOP-J9EO0C6" failures="0" tests="1" name="Parameters.FormParamaterTest" time="5.474" errors="0" timestamp="2022-08-10T11:57:59 IST" skipped="0">
  <testcase classname="Parameters.FormParamaterTest" name="formParamaterTest" time="5.474"/>
  <system-out/>
</testsuite> <!-- Parameters.FormParamaterTest -->
