<?xml version="1.0" encoding="UTF-8"?>
<!-- Generated by org.testng.reporters.JUnitReportReporter -->
<testsuite hostname="DESKTOP-J9EO0C6" failures="0" tests="1" name="DifferentWayToPost.CreateDataWithComplexTest" time="7.221" errors="0" timestamp="2022-08-09T23:01:41 IST" skipped="0">
  <testcase classname="DifferentWayToPost.CreateDataWithComplexTest" name="complexData" time="7.221"/>
  <system-out/>
</testsuite> <!-- DifferentWayToPost.CreateDataWithComplexTest -->
