<?xml version="1.0" encoding="UTF-8"?>
<!-- Generated by org.testng.reporters.JUnitReportReporter -->
<testsuite hostname="DESKTOP-J9EO0C6" failures="0" tests="1" name="ResponseValidation.DynamicResponcevalidation" time="14.574" errors="0" timestamp="2022-08-09T19:55:03 IST" skipped="0">
  <testcase classname="ResponseValidation.DynamicResponcevalidation" name="dynamicresponceValidationTest" time="14.574"/>
  <system-out/>
</testsuite> <!-- ResponseValidation.DynamicResponcevalidation -->
