<?xml version="1.0" encoding="UTF-8"?>
<!-- Generated by org.testng.reporters.JUnitReportReporter -->
<testsuite hostname="DESKTOP-J9EO0C6" failures="0" tests="1" name="RequestChaning.CreateProjectAndGetProjectTest" time="5.348" errors="0" timestamp="2022-08-10T12:26:08 IST" skipped="0">
  <testcase classname="RequestChaning.CreateProjectAndGetProjectTest" name="createProjAndDeletePOrojTest" time="5.348"/>
  <system-out/>
</testsuite> <!-- RequestChaning.CreateProjectAndGetProjectTest -->
