<?xml version="1.0" encoding="UTF-8"?>
<!-- Generated by org.testng.reporters.JUnitReportReporter -->
<testsuite hostname="DESKTOP-J9EO0C6" failures="0" tests="1" name="Authecation.BasicAuthTest" time="6.420" errors="0" timestamp="2022-08-10T13:21:16 IST" skipped="0">
  <testcase classname="Authecation.BasicAuthTest" name="basicOuth" time="6.420"/>
  <system-out/>
</testsuite> <!-- Authecation.BasicAuthTest -->
