<?xml version="1.0" encoding="UTF-8"?>
<!-- Generated by org.testng.reporters.JUnitReportReporter -->
<testsuite hostname="DESKTOP-J9EO0C6" failures="0" tests="1" name="CRUDEOperationWithBDD.DeleteProjectTest" time="3.222" errors="0" timestamp="2022-08-08T17:30:13 IST" skipped="0">
  <testcase classname="CRUDEOperationWithBDD.DeleteProjectTest" name="delectProjectTest" time="3.222"/>
  <system-out/>
</testsuite> <!-- CRUDEOperationWithBDD.DeleteProjectTest -->
