<?xml version="1.0" encoding="UTF-8"?>
<!-- Generated by org.testng.reporters.JUnitReportReporter -->
<testsuite hostname="DESKTOP-J9EO0C6" failures="0" tests="1" name="BasicCRUDoperation.LoginRMGYantrawithAuthentication" time="3.628" errors="0" timestamp="2022-08-08T15:17:29 IST" skipped="0">
  <testcase classname="BasicCRUDoperation.LoginRMGYantrawithAuthentication" name="loginRmgTest" time="3.628"/>
  <system-out/>
</testsuite> <!-- BasicCRUDoperation.LoginRMGYantrawithAuthentication -->
