<?xml version="1.0" encoding="UTF-8"?>
<!-- Generated by org.testng.reporters.JUnitReportReporter -->
<testsuite hostname="DESKTOP-J9EO0C6" failures="0" tests="1" name="DifferentWayToPost.CreateProjWithJSONOnjTest" time="32.732" errors="0" timestamp="2022-08-09T12:19:47 IST" skipped="0">
  <testcase classname="DifferentWayToPost.CreateProjWithJSONOnjTest" name="createProjTest" time="32.732"/>
  <system-out/>
</testsuite> <!-- DifferentWayToPost.CreateProjWithJSONOnjTest -->
