<?xml version="1.0" encoding="UTF-8"?>
<!-- Generated by org.testng.reporters.JUnitReportReporter -->
<testsuite hostname="DESKTOP-J9EO0C6" failures="0" tests="1" name="BasicCRUDoperation.PutProjectTest" time="3.796" errors="0" timestamp="2022-08-08T10:01:36 IST" skipped="0">
  <testcase classname="BasicCRUDoperation.PutProjectTest" name="updateProjectTest" time="3.796"/>
  <system-out/>
</testsuite> <!-- BasicCRUDoperation.PutProjectTest -->
