<?xml version="1.0" encoding="UTF-8"?>
<!-- Generated by org.testng.reporters.JUnitReportReporter -->
<testsuite hostname="DESKTOP-J9EO0C6" failures="0" tests="1" name="ResponseValidation.StaticResponceValidationTest" time="5.469" errors="0" timestamp="2022-08-09T19:36:35 IST" skipped="0">
  <testcase classname="ResponseValidation.StaticResponceValidationTest" name="staticResponceTest" time="5.469"/>
  <system-out/>
</testsuite> <!-- ResponseValidation.StaticResponceValidationTest -->
