<?xml version="1.0" encoding="UTF-8"?>
<!-- Generated by org.testng.reporters.JUnitReportReporter -->
<testsuite hostname="DESKTOP-J9EO0C6" failures="0" tests="1" name="Parameters.QueryParamater" time="5.134" errors="0" timestamp="2022-08-10T11:52:25 IST" skipped="0">
  <testcase classname="Parameters.QueryParamater" name="qurayParamaterTest" time="5.134"/>
  <system-out/>
</testsuite> <!-- Parameters.QueryParamater -->
