<?xml version="1.0" encoding="UTF-8"?>
<!-- Generated by org.testng.reporters.JUnitReportReporter -->
<testsuite hostname="DESKTOP-J9EO0C6" failures="0" tests="1" name="SerilizationAndDeserilizationDetails.SerilizationEmployDetails" time="0.421" errors="0" timestamp="2022-07-28T15:23:54 IST" skipped="0">
  <testcase classname="SerilizationAndDeserilizationDetails.SerilizationEmployDetails" name="serilizationEmployTest" time="0.421"/>
  <system-out/>
</testsuite> <!-- SerilizationAndDeserilizationDetails.SerilizationEmployDetails -->
