<?xml version="1.0" encoding="UTF-8"?>
<!-- Generated by org.testng.reporters.JUnitReportReporter -->
<testsuite hostname="DESKTOP-J9EO0C6" failures="0" tests="1" name="CRUDEOperationWithBDD.GetAllProjectTest" time="41.715" errors="0" timestamp="2022-08-10T11:44:30 IST" skipped="0">
  <testcase classname="CRUDEOperationWithBDD.GetAllProjectTest" name="getallProjectTest" time="41.715"/>
  <system-out/>
</testsuite> <!-- CRUDEOperationWithBDD.GetAllProjectTest -->
