<?xml version="1.0" encoding="UTF-8"?>
<!-- Generated by org.testng.reporters.JUnitReportReporter -->
<testsuite hostname="DESKTOP-J9EO0C6" failures="0" tests="1" name="DifferentWayToPost.CreateProjectWithJSONFile" time="3.554" errors="0" timestamp="2022-08-09T13:13:28 IST" skipped="0">
  <testcase classname="DifferentWayToPost.CreateProjectWithJSONFile" name="createProjectWithJasonFile" time="3.554"/>
  <system-out/>
</testsuite> <!-- DifferentWayToPost.CreateProjectWithJSONFile -->
