<?xml version="1.0" encoding="UTF-8"?>
<!-- Generated by org.testng.reporters.JUnitReportReporter -->
<testsuite hostname="DESKTOP-J9EO0C6" failures="0" tests="1" name="BasicCRUDoperation.UpdateEmployeeByEmployeeIdTest" time="3.865" errors="0" timestamp="2022-08-08T12:51:13 IST" skipped="0">
  <testcase classname="BasicCRUDoperation.UpdateEmployeeByEmployeeIdTest" name="updateEmployTest" time="3.865"/>
  <system-out/>
</testsuite> <!-- BasicCRUDoperation.UpdateEmployeeByEmployeeIdTest -->
