<?xml version="1.0" encoding="UTF-8"?>
<!-- Generated by org.testng.reporters.JUnitReportReporter -->
<testsuite hostname="DESKTOP-J9EO0C6" failures="0" tests="1" name="SerilizationAndDeserilizationDetails.SerelizationEmployWithArray" time="0.451" errors="0" timestamp="2022-07-28T16:02:54 IST" skipped="0">
  <testcase classname="SerilizationAndDeserilizationDetails.SerelizationEmployWithArray" name="serilizeemploywithArray" time="0.451"/>
  <system-out/>
</testsuite> <!-- SerilizationAndDeserilizationDetails.SerelizationEmployWithArray -->
