<?xml version="1.0" encoding="UTF-8"?>
<!-- Generated by org.testng.reporters.JUnitReportReporter -->
<testsuite hostname="DESKTOP-J9EO0C6" failures="0" tests="1" name="BasicCRUDoperation.CreateEmployeeTest" time="3.553" errors="0" timestamp="2022-08-08T14:21:28 IST" skipped="0">
  <testcase classname="BasicCRUDoperation.CreateEmployeeTest" name="createEmpTest" time="3.553"/>
  <system-out/>
</testsuite> <!-- BasicCRUDoperation.CreateEmployeeTest -->
