<?xml version="1.0" encoding="UTF-8"?>
<!-- Generated by org.testng.reporters.JUnitReportReporter -->
<testsuite hostname="DESKTOP-J9EO0C6" failures="0" tests="1" name="BasicCRUDoperation.GetEmployeeByuserNameTest" time="3.015" errors="0" timestamp="2022-08-08T14:20:32 IST" skipped="0">
  <testcase classname="BasicCRUDoperation.GetEmployeeByuserNameTest" name="getEmploy" time="3.015"/>
  <system-out/>
</testsuite> <!-- BasicCRUDoperation.GetEmployeeByuserNameTest -->
