<?xml version="1.0" encoding="UTF-8"?>
<!-- Generated by org.testng.reporters.JUnitReportReporter -->
<testsuite hostname="DESKTOP-J9EO0C6" failures="0" tests="1" name="ResponcrTime.ResponceTimeValidateWithMatchers" time="3.322" errors="0" timestamp="2022-08-09T20:02:44 IST" skipped="0">
  <testcase classname="ResponcrTime.ResponceTimeValidateWithMatchers" name="responceTime" time="3.322"/>
  <system-out/>
</testsuite> <!-- ResponcrTime.ResponceTimeValidateWithMatchers -->
